This is pdfTeXk, Version 3.141592-1.40.3 (Web2C 7.5.6) (format=pdflatex 2008.9.26)  1 MAR 2010 12:26
entering extended mode
 %&-line parsing enabled.
**naacl_amt_bm.tex
(./naacl_amt_bm.tex
LaTeX2e <2005/12/01>
Babel <v3.8h> and hyphenation patterns for english, usenglishmax, dumylang, noh
yphenation, loaded.
(/usr/share/texmf-texlive/tex/latex/base/article.cls
Document Class: article 2005/09/16 v1.4f Standard LaTeX document class
(/usr/share/texmf-texlive/tex/latex/base/size11.clo
File: size11.clo 2005/09/16 v1.4f Standard LaTeX file (size option)
)
\c@part=\count79
\c@section=\count80
\c@subsection=\count81
\c@subsubsection=\count82
\c@paragraph=\count83
\c@subparagraph=\count84
\c@figure=\count85
\c@table=\count86
\abovecaptionskip=\skip41
\belowcaptionskip=\skip42
\bibindent=\dimen102
) (./naaclhlt2010.sty
Conference Style for NAACL-HLT 2010 -- released November 16, 2009
\titlebox=\skip43
) (/usr/share/texmf-texlive/tex/latex/psnfss/times.sty
Package: times 2005/04/12 PSNFSS-v9.2a (SPQR) 
)
(/usr/share/texmf-texlive/tex/latex/base/latexsym.sty
Package: latexsym 1998/08/17 v2.2e Standard LaTeX package (lasy symbols)
\symlasy=\mathgroup4
LaTeX Font Info:    Overwriting symbol font `lasy' in version `bold'
(Font)                  U/lasy/m/n --> U/lasy/b/n on input line 47.
)
(/usr/share/texmf-texlive/tex/latex/tools/verbatim.sty
Package: verbatim 2003/08/22 v1.5q LaTeX2e package for verbatim enhancements
\every@verbatim=\toks14
\verbatim@line=\toks15
\verbatim@in@stream=\read1
)
(/usr/share/texmf-texlive/tex/latex/graphics/graphicx.sty
Package: graphicx 1999/02/16 v1.0f Enhanced LaTeX Graphics (DPC,SPQR)

(/usr/share/texmf-texlive/tex/latex/graphics/keyval.sty
Package: keyval 1999/03/16 v1.13 key=value parser (DPC)
\KV@toks@=\toks16
)
(/usr/share/texmf-texlive/tex/latex/graphics/graphics.sty
Package: graphics 2006/02/20 v1.0o Standard LaTeX Graphics (DPC,SPQR)

(/usr/share/texmf-texlive/tex/latex/graphics/trig.sty
Package: trig 1999/03/16 v1.09 sin cos tan (DPC)
)
(/etc/texmf/tex/latex/config/graphics.cfg
File: graphics.cfg 2007/01/18 v1.5 graphics configuration of teTeX/TeXLive
)
Package graphics Info: Driver file: pdftex.def on input line 90.

(/usr/share/texmf-texlive/tex/latex/pdftex-def/pdftex.def
File: pdftex.def 2007/01/08 v0.04d Graphics/color for pdfTeX
\Gread@gobject=\count87
))
\Gin@req@height=\dimen103
\Gin@req@width=\dimen104
)
(/usr/share/texmf/tex/latex/xcolor/xcolor.sty
Package: xcolor 2007/01/21 v2.11 LaTeX color extensions (UK)

(/etc/texmf/tex/latex/config/color.cfg
File: color.cfg 2007/01/18 v1.5 color configuration of teTeX/TeXLive
)
Package xcolor Info: Driver file: pdftex.def on input line 225.

(/usr/share/texmf-texlive/tex/latex/colortbl/colortbl.sty
Package: colortbl 2001/02/13 v0.1j Color table columns (DPC)

(/usr/share/texmf-texlive/tex/latex/tools/array.sty
Package: array 2005/08/23 v2.4b Tabular extension package (FMi)
\col@sep=\dimen105
\extrarowheight=\dimen106
\NC@list=\toks17
\extratabsurround=\skip44
\backup@length=\skip45
)
\everycr=\toks18
\minrowclearance=\skip46
)
\rownum=\count88
Package xcolor Info: Model `cmy' substituted by `cmy0' on input line 1337.
Package xcolor Info: Model `hsb' substituted by `rgb' on input line 1341.
Package xcolor Info: Model `RGB' extended on input line 1353.
Package xcolor Info: Model `HTML' substituted by `rgb' on input line 1355.
Package xcolor Info: Model `Hsb' substituted by `hsb' on input line 1356.
Package xcolor Info: Model `tHsb' substituted by `hsb' on input line 1357.
Package xcolor Info: Model `HSB' substituted by `hsb' on input line 1358.
Package xcolor Info: Model `Gray' substituted by `gray' on input line 1359.
Package xcolor Info: Model `wave' substituted by `hsb' on input line 1360.
)
\@input{lart.aux}
\openout2 = `lart.aux'.

(./lart.tex
\c@licntr=\count89
\c@alphcntr=\count90
\c@prin=\count91
\c@assum=\count92
\c@defn=\count93
\astspace=\skip47
LaTeX Font Info:    External font `cmex10' loaded for size
(Font)              <10.95> on input line 169.
LaTeX Font Info:    External font `cmex10' loaded for size
(Font)              <8> on input line 169.
LaTeX Font Info:    External font `cmex10' loaded for size
(Font)              <6> on input line 169.
LaTeX Font Info:    Try loading font information for U+lasy on input line 169.
 (/usr/share/texmf-texlive/tex/latex/base/ulasy.fd
File: ulasy.fd 1998/08/17 v2.2e LaTeX symbol font definitions
)
\c@figcntr=\count94
\c@axcntr=\count95
\c@alphacntr=\count96
)
(./naacl_amt_bm.aux)
\openout1 = `naacl_amt_bm.aux'.

LaTeX Font Info:    Checking defaults for OML/cmm/m/it on input line 28.
LaTeX Font Info:    ... okay on input line 28.
LaTeX Font Info:    Checking defaults for T1/cmr/m/n on input line 28.
LaTeX Font Info:    ... okay on input line 28.
LaTeX Font Info:    Checking defaults for OT1/cmr/m/n on input line 28.
LaTeX Font Info:    ... okay on input line 28.
LaTeX Font Info:    Checking defaults for OMS/cmsy/m/n on input line 28.
LaTeX Font Info:    ... okay on input line 28.
LaTeX Font Info:    Checking defaults for OMX/cmex/m/n on input line 28.
LaTeX Font Info:    ... okay on input line 28.
LaTeX Font Info:    Checking defaults for U/cmr/m/n on input line 28.
LaTeX Font Info:    ... okay on input line 28.
LaTeX Font Info:    Try loading font information for OT1+ptm on input line 28.
 (/usr/share/texmf-texlive/tex/latex/psnfss/ot1ptm.fd
File: ot1ptm.fd 2001/06/04 font definitions for OT1/ptm.
)
LaTeX Font Info:    Font shape `OT1/ptm/bx/n' in size <14.4> not available
(Font)              Font shape `OT1/ptm/b/n' tried instead on input line 29.
LaTeX Font Info:    External font `cmex10' loaded for size
(Font)              <12> on input line 29.
LaTeX Font Info:    Font shape `OT1/ptm/bx/n' in size <12> not available
(Font)              Font shape `OT1/ptm/b/n' tried instead on input line 29.
LaTeX Font Info:    Try loading font information for OT1+pcr on input line 31.

(/usr/share/texmf-texlive/tex/latex/psnfss/ot1pcr.fd
File: ot1pcr.fd 2001/06/04 font definitions for OT1/pcr.
)
Underfull \hbox (badness 10000) in paragraph at lines 36--42
\OT1/pcr/m/n/10.95 <Intro.> <Some possible citations
 []


Underfull \hbox (badness 2818) in paragraph at lines 36--42
\OT1/pcr/m/n/10.95 for remainder paper.> \OT1/ptm/m/n/10.95 In (Snow et al.,
 []


Underfull \hbox (badness 10000) in paragraph at lines 36--42

 []


Underfull \hbox (badness 1184) in paragraph at lines 46--51
\OT1/ptm/m/n/10.95 use of AMT an-no-ta-tions com-pare eco-nom-i-cally
 []

LaTeX Font Info:    Font shape `OT1/ptm/bx/n' in size <10.95> not available
(Font)              Font shape `OT1/ptm/b/n' tried instead on input line 55.

LaTeX Warning: Reference `datasets' on page 1 undefined on input line 55.

[1{/var/lib/texmf/fonts/map/pdftex/updmap/pdftex.map}






]
LaTeX Font Info:    External font `cmex10' loaded for size
(Font)              <7> on input line 60.
LaTeX Font Info:    External font `cmex10' loaded for size
(Font)              <5> on input line 60.

<pics/Shot_HIT1.png, id=10, 349.305pt x 101.37875pt>
File: pics/Shot_HIT1.png Graphic file (type png)
 <use pics/Shot_HIT1.png>
<pics/Shot_HIT2.png, id=11, 298.11375pt x 80.3pt>
File: pics/Shot_HIT2.png Graphic file (type png)
 <use pics/Shot_HIT2.png>
<pics/Shot_HIT3.png, id=12, 280.04625pt x 220.825pt>
File: pics/Shot_HIT3.png Graphic file (type png)
 <use pics/Shot_HIT3.png>
Underfull \hbox (badness 1297) in paragraph at lines 90--91
\OT1/ptm/m/n/10.95 and was ear-lier used by (Esuli and Se-bas-tiani,
 []


Underfull \hbox (badness 3209) in paragraph at lines 90--91
\OT1/ptm/m/n/10.95 and more ob-jec-tive, non-opinionated sen-tences
 []


Underfull \hbox (badness 10000) in paragraph at lines 90--91

 []


Underfull \hbox (badness 10000) in paragraph at lines 99--101
\OT1/pcr/m/n/10.95 <among non-experts and experts vs.
 []


Underfull \hbox (badness 10000) in paragraph at lines 99--101
\OT1/pcr/m/n/10.95 non-experts. (Snow et al., 2008)
 []


Overfull \hbox (21.46043pt too wide) in paragraph at lines 104--117
[][]
 []


Underfull \hbox (badness 10000) in paragraph at lines 104--117

 []


Underfull \hbox (badness 10000) in paragraph at lines 123--126
\OT1/pcr/m/n/10.95 <This is a very useful reference:
 []


Underfull \hbox (badness 10000) in paragraph at lines 123--126
\OT1/pcr/m/n/10.95 <This is another useful reference:
 []

[2 <./pics/Shot_HIT1.png> <./pics/Shot_HIT2.png> <./pics/Shot_HIT3.png>]
Underfull \hbox (badness 10000) in paragraph at lines 134--140
\OT1/pcr/m/n/10.95 <SVM-based classifier: Matlab,
 []


Underfull \hbox (badness 1147) in paragraph at lines 134--140
\OT1/ptm/m/n/10.95 in-ci-dence of AMT-generated an-no-ta-tions on the
 []

LaTeX Font Info:    External font `cmex10' loaded for size
(Font)              <9> on input line 155.
[3]
Underfull \hbox (badness 1028) in paragraph at lines 206--209
[]\OT1/ptm/m/n/10.95 Multiple-fold cross-validation was used in all
 []


Overfull \hbox (109.92169pt too wide) in paragraph at lines 223--243
[][] 
 []


Overfull \hbox (11.47208pt too wide) in paragraph at lines 255--267
[][] 
 []

[4]
Underfull \hbox (badness 10000) in paragraph at lines 285--286
\OT1/pcr/m/n/10.95 Future work: HIT Design: what
 []


Underfull \hbox (badness 10000) in paragraph at lines 285--286
\OT1/pcr/m/n/10.95 is the optimal design of the
 []


Underfull \hbox (badness 10000) in paragraph at lines 285--286
\OT1/pcr/m/n/10.95 annotation task for our purpose
 []


Underfull \hbox (badness 10000) in paragraph at lines 285--286
\OT1/pcr/m/n/10.95 and what is the effect of a
 []


Underfull \hbox (badness 10000) in paragraph at lines 285--286
\OT1/pcr/m/n/10.95 suboptimal design on the system
 []


Underfull \hbox (badness 10000) in paragraph at lines 285--286
\OT1/pcr/m/n/10.95 scores? We present AMT workers
 []


Underfull \hbox (badness 10000) in paragraph at lines 285--286
\OT1/pcr/m/n/10.95 with three different HIT designs
 []


Underfull \hbox (badness 10000) in paragraph at lines 285--286
\OT1/pcr/m/n/10.95 and evaluate the impact of each
 []


Underfull \hbox (badness 10000) in paragraph at lines 285--286
\OT1/pcr/m/n/10.95 of them on the overall system
 []

(./naacl_amt_bm.bbl
Missing character: There is no â in font ptmr7t!
Missing character: There is no € in font ptmr7t!
Missing character: There is no “ in font ptmr7t!
Missing character: There is no â in font ptmr7t!
Missing character: There is no € in font ptmr7t!
Missing character: There is no “ in font ptmr7t!
Missing character: There is no â in font ptmr7t!
Missing character: There is no € in font ptmr7t!
Missing character: There is no “ in font ptmr7t!
Missing character: There is no â in font ptmr7t!
Missing character: There is no € in font ptmr7t!
Missing character: There is no ” in font ptmr7t!
Missing character: There is no â in font ptmr7t!
Missing character: There is no € in font ptmr7t!
Missing character: There is no “ in font ptmr7t!
Missing character: There is no â in font ptmr7t!
Missing character: There is no € in font ptmr7t!
Missing character: There is no “ in font ptmr7t!
) [5

] (./naacl_amt_bm.aux)

LaTeX Warning: There were undefined references.

 ) 
Here is how much of TeX's memory you used:
 1477 strings out of 95086
 17456 string characters out of 1183255
 75552 words of memory out of 1500000
 4635 multiletter control sequences out of 10000+50000
 27267 words of font info for 63 fonts, out of 1200000 for 2000
 28 hyphenation exceptions out of 8191
 41i,11n,35p,1528b,266s stack positions out of 5000i,500n,6000p,200000b,5000s
{/usr/share/texmf-texlive/fonts/enc/dvips/base/8r.enc}</usr/share/texmf-texli
ve/fonts/type1/bluesky/cm/cmmi10.pfb></usr/share/texmf-texlive/fonts/type1/blue
sky/cm/cmr10.pfb></usr/share/texmf-texlive/fonts/type1/urw/courier/ucrr8a.pfb><
/usr/share/texmf-texlive/fonts/type1/urw/times/utmb8a.pfb></usr/share/texmf-tex
live/fonts/type1/urw/times/utmr8a.pfb></usr/share/texmf-texlive/fonts/type1/urw
/times/utmri8a.pfb>
Output written on naacl_amt_bm.pdf (5 pages, 105544 bytes).
PDF statistics:
 49 PDF objects out of 1000 (max. 8388607)
 0 named destinations out of 1000 (max. 131072)
 16 words of extra memory for PDF output out of 10000 (max. 10000000)

