This is pdfTeXk, Version 3.141592-1.40.3 (Web2C 7.5.6) (format=pdflatex 2008.9.26)  22 FEB 2010 17:24
entering extended mode
 %&-line parsing enabled.
**naaclhlt2010.tex
(./naaclhlt2010.tex
LaTeX2e <2005/12/01>
Babel <v3.8h> and hyphenation patterns for english, usenglishmax, dumylang, noh
yphenation, loaded.
(/usr/share/texmf-texlive/tex/latex/base/article.cls
Document Class: article 2005/09/16 v1.4f Standard LaTeX document class
(/usr/share/texmf-texlive/tex/latex/base/size11.clo
File: size11.clo 2005/09/16 v1.4f Standard LaTeX file (size option)
)
\c@part=\count79
\c@section=\count80
\c@subsection=\count81
\c@subsubsection=\count82
\c@paragraph=\count83
\c@subparagraph=\count84
\c@figure=\count85
\c@table=\count86
\abovecaptionskip=\skip41
\belowcaptionskip=\skip42
\bibindent=\dimen102
) (./naaclhlt2010.sty
Conference Style for NAACL-HLT 2010 -- released November 16, 2009
\titlebox=\skip43
) (/usr/share/texmf-texlive/tex/latex/psnfss/times.sty
Package: times 2005/04/12 PSNFSS-v9.2a (SPQR) 
)
(/usr/share/texmf-texlive/tex/latex/base/latexsym.sty
Package: latexsym 1998/08/17 v2.2e Standard LaTeX package (lasy symbols)
\symlasy=\mathgroup4
LaTeX Font Info:    Overwriting symbol font `lasy' in version `bold'
(Font)                  U/lasy/m/n --> U/lasy/b/n on input line 47.
) (./naaclhlt2010.aux)
\openout1 = `naaclhlt2010.aux'.

LaTeX Font Info:    Checking defaults for OML/cmm/m/it on input line 37.
LaTeX Font Info:    ... okay on input line 37.
LaTeX Font Info:    Checking defaults for T1/cmr/m/n on input line 37.
LaTeX Font Info:    ... okay on input line 37.
LaTeX Font Info:    Checking defaults for OT1/cmr/m/n on input line 37.
LaTeX Font Info:    ... okay on input line 37.
LaTeX Font Info:    Checking defaults for OMS/cmsy/m/n on input line 37.
LaTeX Font Info:    ... okay on input line 37.
LaTeX Font Info:    Checking defaults for OMX/cmex/m/n on input line 37.
LaTeX Font Info:    ... okay on input line 37.
LaTeX Font Info:    Checking defaults for U/cmr/m/n on input line 37.
LaTeX Font Info:    ... okay on input line 37.
LaTeX Font Info:    Try loading font information for OT1+ptm on input line 37.

(/usr/share/texmf-texlive/tex/latex/psnfss/ot1ptm.fd
File: ot1ptm.fd 2001/06/04 font definitions for OT1/ptm.
)
LaTeX Font Info:    Font shape `OT1/ptm/bx/n' in size <14.4> not available
(Font)              Font shape `OT1/ptm/b/n' tried instead on input line 38.
LaTeX Font Info:    External font `cmex10' loaded for size
(Font)              <14.4> on input line 38.
LaTeX Font Info:    External font `cmex10' loaded for size
(Font)              <7> on input line 38.
LaTeX Font Info:    Try loading font information for U+lasy on input line 38.

(/usr/share/texmf-texlive/tex/latex/base/ulasy.fd
File: ulasy.fd 1998/08/17 v2.2e LaTeX symbol font definitions
)
LaTeX Font Info:    External font `cmex10' loaded for size
(Font)              <12> on input line 38.
LaTeX Font Info:    External font `cmex10' loaded for size
(Font)              <8> on input line 38.
LaTeX Font Info:    External font `cmex10' loaded for size
(Font)              <6> on input line 38.
LaTeX Font Info:    Font shape `OT1/ptm/bx/n' in size <12> not available
(Font)              Font shape `OT1/ptm/b/n' tried instead on input line 38.
LaTeX Font Info:    Try loading font information for OT1+pcr on input line 38.

(/usr/share/texmf-texlive/tex/latex/psnfss/ot1pcr.fd
File: ot1pcr.fd 2001/06/04 font definitions for OT1/pcr.
)
LaTeX Font Info:    External font `cmex10' loaded for size
(Font)              <9> on input line 38.
LaTeX Font Info:    External font `cmex10' loaded for size
(Font)              <5> on input line 38.
LaTeX Font Info:    Font shape `OT1/ptm/bx/n' in size <10.95> not available
(Font)              Font shape `OT1/ptm/b/n' tried instead on input line 82.
LaTeX Font Info:    External font `cmex10' loaded for size
(Font)              <10.95> on input line 84.

Underfull \hbox (badness 10000) in paragraph at lines 84--92
\OT1/ptm/m/n/10.95 NAACL HLT pro-vides this de-scrip-tion in
 []


Underfull \hbox (badness 10000) in paragraph at lines 84--92
\OT1/ptm/m/n/10.95 L[]T[]X2e (\OT1/pcr/m/n/10.95 naaclhlt2010.tex\OT1/ptm/m/n/1
0.95 ) and PDF
 []


Underfull \hbox (badness 10000) in paragraph at lines 84--92
\OT1/ptm/m/n/10.95 for-mat (\OT1/pcr/m/n/10.95 naaclhlt2010.pdf\OT1/ptm/m/n/10.
95 ), along with
 []


Underfull \hbox (badness 10000) in paragraph at lines 84--92
\OT1/ptm/m/n/10.95 the L[]T[]X2e style file used to for-mat it
 []


Underfull \hbox (badness 10000) in paragraph at lines 84--92
\OT1/ptm/m/n/10.95 (\OT1/pcr/m/n/10.95 naaclhlt2010.sty\OT1/ptm/m/n/10.95 ) and
 an ACL bib-
 []


Underfull \hbox (badness 10000) in paragraph at lines 84--92
\OT1/ptm/m/n/10.95 li-og-ra-phy style (\OT1/pcr/m/n/10.95 naaclhlt2010.bst\OT1/
ptm/m/n/10.95 ).
 []


Underfull \hbox (badness 10000) in paragraph at lines 84--92
\OT1/ptm/m/n/10.95 These files are all avail-able at
 []


Underfull \hbox (badness 1748) in paragraph at lines 84--92
\OT1/pcr/m/n/10.95 http://naaclhlt2010.isi.edu\OT1/ptm/m/n/10.95 . A Mi-
 []

[1{/var/lib/texmf/fonts/map/pdftex/updmap/pdftex.map}




]
LaTeX Font Info:    Try loading font information for OMS+ptm on input line 147.


(/usr/share/texmf-texlive/tex/latex/psnfss/omsptm.fd
File: omsptm.fd 
)
LaTeX Font Info:    Font shape `OMS/ptm/m/n' in size <10.95> not available
(Font)              Font shape `OMS/cmsy/m/n' tried instead on input line 147.
 [2]
Underfull \hbox (badness 3058) in paragraph at lines 230--233
[]\OT1/ptm/m/n/10.95 The L[]T[]X and BibT[]X style files pro-vided
 []

[3] [4

] (./naaclhlt2010.aux) ) 
Here is how much of TeX's memory you used:
 425 strings out of 95086
 5370 string characters out of 1183255
 53050 words of memory out of 1500000
 3627 multiletter control sequences out of 10000+50000
 31048 words of font info for 70 fonts, out of 1200000 for 2000
 28 hyphenation exceptions out of 8191
 25i,9n,19p,167b,256s stack positions out of 5000i,500n,6000p,200000b,5000s
{/usr/share/texmf-texlive/fonts/enc/dvips/base/8r.enc}<
/usr/share/texmf-texlive/fonts/type1/bluesky/cm/cmsy10.pfb></usr/share/texmf-te
xlive/fonts/type1/bluesky/cm/cmsy6.pfb></usr/share/texmf-texlive/fonts/type1/ur
w/courier/ucrr8a.pfb></usr/share/texmf-texlive/fonts/type1/urw/times/utmb8a.pfb
></usr/share/texmf-texlive/fonts/type1/urw/times/utmr8a.pfb></usr/share/texmf-t
exlive/fonts/type1/urw/times/utmri8a.pfb>
Output written on naaclhlt2010.pdf (4 pages, 79507 bytes).
PDF statistics:
 40 PDF objects out of 1000 (max. 8388607)
 0 named destinations out of 1000 (max. 131072)
 1 words of extra memory for PDF output out of 10000 (max. 10000000)

